<?xml version="1.0" encoding="UTF-8"?>
<testsuite xmlns:xsi="http://www.w3.org/2001/XMLSchema-instance" xsi:noNamespaceSchemaLocation="https://maven.apache.org/surefire/maven-surefire-plugin/xsd/surefire-test-report-3.0.xsd" version="3.0" name="TestSuite" time="2.755" tests="8" errors="0" skipped="0" failures="0">
  <properties>
    <property name="java.specification.version" value="23"/>
    <property name="sun.jnu.encoding" value="UTF-8"/>
    <property name="java.class.path" value="/Users/DGARC52/Downloads/apis-main/target/test-classes:/Users/DGARC52/Downloads/apis-main/target/classes:/Users/DGARC52/.m2/repository/org/testng/testng/7.9.0/testng-7.9.0.jar:/Users/DGARC52/.m2/repository/org/slf4j/slf4j-api/1.7.36/slf4j-api-1.7.36.jar:/Users/DGARC52/.m2/repository/com/beust/jcommander/1.82/jcommander-1.82.jar:/Users/DGARC52/.m2/repository/org/webjars/jquery/3.7.1/jquery-3.7.1.jar:/Users/DGARC52/.m2/repository/io/rest-assured/rest-assured/5.4.0/rest-assured-5.4.0.jar:/Users/DGARC52/.m2/repository/org/apache/groovy/groovy/4.0.16/groovy-4.0.16.jar:/Users/DGARC52/.m2/repository/org/apache/groovy/groovy-xml/4.0.16/groovy-xml-4.0.16.jar:/Users/DGARC52/.m2/repository/org/apache/httpcomponents/httpclient/4.5.13/httpclient-4.5.13.jar:/Users/DGARC52/.m2/repository/org/apache/httpcomponents/httpcore/4.4.13/httpcore-4.4.13.jar:/Users/DGARC52/.m2/repository/commons-logging/commons-logging/1.2/commons-logging-1.2.jar:/Users/DGARC52/.m2/repository/commons-codec/commons-codec/1.11/commons-codec-1.11.jar:/Users/DGARC52/.m2/repository/org/apache/httpcomponents/httpmime/4.5.13/httpmime-4.5.13.jar:/Users/DGARC52/.m2/repository/org/hamcrest/hamcrest/2.2/hamcrest-2.2.jar:/Users/DGARC52/.m2/repository/org/ccil/cowan/tagsoup/tagsoup/1.2.1/tagsoup-1.2.1.jar:/Users/DGARC52/.m2/repository/io/rest-assured/json-path/5.4.0/json-path-5.4.0.jar:/Users/DGARC52/.m2/repository/org/apache/groovy/groovy-json/4.0.16/groovy-json-4.0.16.jar:/Users/DGARC52/.m2/repository/io/rest-assured/rest-assured-common/5.4.0/rest-assured-common-5.4.0.jar:/Users/DGARC52/.m2/repository/io/rest-assured/xml-path/5.4.0/xml-path-5.4.0.jar:/Users/DGARC52/.m2/repository/org/apache/commons/commons-lang3/3.11/commons-lang3-3.11.jar:/Users/DGARC52/.m2/repository/com/fasterxml/jackson/core/jackson-databind/2.15.0/jackson-databind-2.15.0.jar:/Users/DGARC52/.m2/repository/com/fasterxml/jackson/core/jackson-annotations/2.15.0/jackson-annotations-2.15.0.jar:/Users/DGARC52/.m2/repository/com/fasterxml/jackson/core/jackson-core/2.15.0/jackson-core-2.15.0.jar:/Users/DGARC52/.m2/repository/com/aventstack/extentreports/4.1.6/extentreports-4.1.6.jar:/Users/DGARC52/.m2/repository/org/freemarker/freemarker/2.3.29/freemarker-2.3.29.jar:/Users/DGARC52/.m2/repository/com/google/code/gson/gson/2.8.6/gson-2.8.6.jar:/Users/DGARC52/.m2/repository/org/mongodb/mongodb-driver/3.12.0/mongodb-driver-3.12.0.jar:/Users/DGARC52/.m2/repository/org/mongodb/mongodb-driver-core/3.12.0/mongodb-driver-core-3.12.0.jar:/Users/DGARC52/.m2/repository/org/mongodb/bson/3.12.0/bson-3.12.0.jar:"/>
    <property name="java.vm.vendor" value="Homebrew"/>
    <property name="sun.arch.data.model" value="64"/>
    <property name="java.vendor.url" value="https://github.com/Homebrew/homebrew-core/issues"/>
    <property name="user.timezone" value="America/Bogota"/>
    <property name="os.name" value="Mac OS X"/>
    <property name="java.vm.specification.version" value="23"/>
    <property name="sun.java.launcher" value="SUN_STANDARD"/>
    <property name="user.country" value="CO"/>
    <property name="sun.boot.library.path" value="/opt/homebrew/Cellar/openjdk/23/libexec/openjdk.jdk/Contents/Home/lib"/>
    <property name="sun.java.command" value="/Users/DGARC52/Downloads/apis-main/target/surefire/surefirebooter-20250317103316263_3.jar /Users/DGARC52/Downloads/apis-main/target/surefire 2025-03-17T10-33-16_159-jvmRun1 surefire-20250317103316263_1tmp surefire_0-20250317103316263_2tmp"/>
    <property name="http.nonProxyHosts" value="local|*.local|169.254/16|*.169.254/16"/>
    <property name="jdk.debug" value="release"/>
    <property name="surefire.test.class.path" value="/Users/DGARC52/Downloads/apis-main/target/test-classes:/Users/DGARC52/Downloads/apis-main/target/classes:/Users/DGARC52/.m2/repository/org/testng/testng/7.9.0/testng-7.9.0.jar:/Users/DGARC52/.m2/repository/org/slf4j/slf4j-api/1.7.36/slf4j-api-1.7.36.jar:/Users/DGARC52/.m2/repository/com/beust/jcommander/1.82/jcommander-1.82.jar:/Users/DGARC52/.m2/repository/org/webjars/jquery/3.7.1/jquery-3.7.1.jar:/Users/DGARC52/.m2/repository/io/rest-assured/rest-assured/5.4.0/rest-assured-5.4.0.jar:/Users/DGARC52/.m2/repository/org/apache/groovy/groovy/4.0.16/groovy-4.0.16.jar:/Users/DGARC52/.m2/repository/org/apache/groovy/groovy-xml/4.0.16/groovy-xml-4.0.16.jar:/Users/DGARC52/.m2/repository/org/apache/httpcomponents/httpclient/4.5.13/httpclient-4.5.13.jar:/Users/DGARC52/.m2/repository/org/apache/httpcomponents/httpcore/4.4.13/httpcore-4.4.13.jar:/Users/DGARC52/.m2/repository/commons-logging/commons-logging/1.2/commons-logging-1.2.jar:/Users/DGARC52/.m2/repository/commons-codec/commons-codec/1.11/commons-codec-1.11.jar:/Users/DGARC52/.m2/repository/org/apache/httpcomponents/httpmime/4.5.13/httpmime-4.5.13.jar:/Users/DGARC52/.m2/repository/org/hamcrest/hamcrest/2.2/hamcrest-2.2.jar:/Users/DGARC52/.m2/repository/org/ccil/cowan/tagsoup/tagsoup/1.2.1/tagsoup-1.2.1.jar:/Users/DGARC52/.m2/repository/io/rest-assured/json-path/5.4.0/json-path-5.4.0.jar:/Users/DGARC52/.m2/repository/org/apache/groovy/groovy-json/4.0.16/groovy-json-4.0.16.jar:/Users/DGARC52/.m2/repository/io/rest-assured/rest-assured-common/5.4.0/rest-assured-common-5.4.0.jar:/Users/DGARC52/.m2/repository/io/rest-assured/xml-path/5.4.0/xml-path-5.4.0.jar:/Users/DGARC52/.m2/repository/org/apache/commons/commons-lang3/3.11/commons-lang3-3.11.jar:/Users/DGARC52/.m2/repository/com/fasterxml/jackson/core/jackson-databind/2.15.0/jackson-databind-2.15.0.jar:/Users/DGARC52/.m2/repository/com/fasterxml/jackson/core/jackson-annotations/2.15.0/jackson-annotations-2.15.0.jar:/Users/DGARC52/.m2/repository/com/fasterxml/jackson/core/jackson-core/2.15.0/jackson-core-2.15.0.jar:/Users/DGARC52/.m2/repository/com/aventstack/extentreports/4.1.6/extentreports-4.1.6.jar:/Users/DGARC52/.m2/repository/org/freemarker/freemarker/2.3.29/freemarker-2.3.29.jar:/Users/DGARC52/.m2/repository/com/google/code/gson/gson/2.8.6/gson-2.8.6.jar:/Users/DGARC52/.m2/repository/org/mongodb/mongodb-driver/3.12.0/mongodb-driver-3.12.0.jar:/Users/DGARC52/.m2/repository/org/mongodb/mongodb-driver-core/3.12.0/mongodb-driver-core-3.12.0.jar:/Users/DGARC52/.m2/repository/org/mongodb/bson/3.12.0/bson-3.12.0.jar:"/>
    <property name="sun.cpu.endian" value="little"/>
    <property name="user.home" value="/Users/DGARC52"/>
    <property name="user.language" value="es"/>
    <property name="java.specification.vendor" value="Oracle Corporation"/>
    <property name="java.version.date" value="2024-09-17"/>
    <property name="java.home" value="/opt/homebrew/Cellar/openjdk/23/libexec/openjdk.jdk/Contents/Home"/>
    <property name="file.separator" value="/"/>
    <property name="basedir" value="/Users/DGARC52/Downloads/apis-main"/>
    <property name="java.vm.compressedOopsMode" value="Zero based"/>
    <property name="line.separator" value="&#10;"/>
    <property name="java.vm.specification.vendor" value="Oracle Corporation"/>
    <property name="java.specification.name" value="Java Platform API Specification"/>
    <property name="apple.awt.application.name" value="ForkedBooter"/>
    <property name="surefire.real.class.path" value="/Users/DGARC52/Downloads/apis-main/target/surefire/surefirebooter-20250317103316263_3.jar"/>
    <property name="sun.management.compiler" value="HotSpot 64-Bit Tiered Compilers"/>
    <property name="ftp.nonProxyHosts" value="local|*.local|169.254/16|*.169.254/16"/>
    <property name="java.runtime.version" value="23"/>
    <property name="user.name" value="DGARC52"/>
    <property name="stdout.encoding" value="UTF-8"/>
    <property name="path.separator" value=":"/>
    <property name="os.version" value="15.3.2"/>
    <property name="java.runtime.name" value="OpenJDK Runtime Environment"/>
    <property name="file.encoding" value="UTF-8"/>
    <property name="java.vm.name" value="OpenJDK 64-Bit Server VM"/>
    <property name="java.vendor.version" value="Homebrew"/>
    <property name="localRepository" value="/Users/DGARC52/.m2/repository"/>
    <property name="java.vendor.url.bug" value="https://github.com/Homebrew/homebrew-core/issues"/>
    <property name="java.io.tmpdir" value="/var/folders/_r/qn1_lq6s7tb65q0mfg_0fltr0000gq/T/"/>
    <property name="java.version" value="23"/>
    <property name="user.dir" value="/Users/DGARC52/Downloads/apis-main"/>
    <property name="os.arch" value="aarch64"/>
    <property name="java.vm.specification.name" value="Java Virtual Machine Specification"/>
    <property name="native.encoding" value="UTF-8"/>
    <property name="java.library.path" value="/Users/DGARC52/Library/Java/Extensions:/Library/Java/Extensions:/Network/Library/Java/Extensions:/System/Library/Java/Extensions:/usr/lib/java:."/>
    <property name="java.vm.info" value="mixed mode, sharing"/>
    <property name="stderr.encoding" value="UTF-8"/>
    <property name="java.vendor" value="Homebrew"/>
    <property name="java.vm.version" value="23"/>
    <property name="sun.io.unicode.encoding" value="UnicodeBig"/>
    <property name="socksNonProxyHosts" value="local|*.local|169.254/16|*.169.254/16"/>
    <property name="java.class.version" value="67.0"/>
  </properties>
  <testcase name="testGetProducts" classname="testApis.Apis" time="1.031">
    <system-out><![CDATA[
]]></system-out>
    <system-err><![CDATA[SLF4J: Failed to load class "org.slf4j.impl.StaticLoggerBinder".
SLF4J: Defaulting to no-operation (NOP) logger implementation
SLF4J: See http://www.slf4j.org/codes.html#StaticLoggerBinder for further details.
]]></system-err>
  </testcase>
  <testcase name="testCreateProduct[{&#10;  &quot;title&quot;: &quot;Laptop Gamer&quot;,&#10;  &quot;price&quot;: 1299.99,&#10;  &quot;description&quot;: &quot;Laptop gamer con tarjeta gráfica RTX 4060&quot;,&#10;  &quot;category&quot;: &quot;electronics&quot;,&#10;  &quot;image&quot;: &quot;https://example.com/laptop.jpg&quot;&#10;}&#10;](1)" classname="testApis.Apis" time="0.001">
    <system-out><![CDATA[{
    "id": 1,
    "title": "Fjallraven - Foldsack No. 1 Backpack, Fits 15 Laptops",
    "price": 109.95,
    "description": "Your perfect pack for everyday use and walks in the forest. Stash your laptop (up to 15 inches) in the padded sleeve, your everyday",
    "category": "men's clothing",
    "image": "https://fakestoreapi.com/img/81fPKd-2AYL._AC_SL1500_.jpg",
    "rating": {
        "rate": 3.9,
        "count": 120
    }
}
]]></system-out>
  </testcase>
  <testcase name="testDeleteProduct" classname="testApis.Apis" time="0.08">
    <system-out><![CDATA[{
    "id": 1,
    "title": "Fjallraven - Foldsack No. 1 Backpack, Fits 15 Laptops",
    "price": 109.95,
    "description": "Your perfect pack for everyday use and walks in the forest. Stash your laptop (up to 15 inches) in the padded sleeve, your everyday",
    "category": "men's clothing",
    "image": "https://fakestoreapi.com/img/81fPKd-2AYL._AC_SL1500_.jpg",
    "rating": {
        "rate": 3.9,
        "count": 120
    }
}
]]></system-out>
  </testcase>
  <testcase name="testUpdateProduct[{&#10;  &quot;title&quot;: &quot;MacbookPRO&quot;,&#10;  &quot;price&quot;: 1300,&#10;  &quot;description&quot;: &quot;Laptop gamer con tarjeta gráfica RTX 4060&quot;,&#10;  &quot;category&quot;: &quot;electronics&quot;,&#10;  &quot;image&quot;: &quot;https://example.com/laptop.jpg&quot;&#10;}&#10;](1)" classname="testApis.Apis" time="0.357">
    <system-out><![CDATA[{
    "id": 1,
    "title": "MacbookPRO",
    "price": 1300,
    "description": "Laptop gamer con tarjeta gráfica RTX 4060",
    "image": "https://example.com/laptop.jpg",
    "category": "electronics"
}
]]></system-out>
  </testcase>
  <testcase name="testFailedDeleteProduct" classname="testApiFailed.FailedTest" time="0.461">
    <system-out><![CDATA[<html lang="en">
  <head>
    <meta charset="utf-8"/>
    <title>Error</title>
  </head>
  <body>
    <pre>Cannot DELETE /products/</pre>
  </body>
</html>
<html lang="en">
  <head>
    <meta charset="utf-8"/>
    <title>Error</title>
  </head>
  <body>
    <pre>Cannot POST /products/1000</pre>
  </body>
</html>
<html lang="en">
  <head>
    <meta charset="utf-8"/>
    <title>Error</title>
  </head>
  <body>
    <pre>Cannot PUT /products</pre>
  </body>
</html>
]]></system-out>
  </testcase>
  <testcase name="testFailedUpdateProduct[{&#10;  &quot;title&quot;: &quot;MacbookPRO&quot;,&#10;  &quot;price&quot;: 1300,&#10;  &quot;category&quot;: &quot;electronics&quot;,&#10;  &quot;image&quot;: &quot;https://example.com/laptop.jpg&quot;&#10;}&#10;](1)" classname="testApiFailed.FailedTest" time="0.461"/>
  <testcase name="testCreateFailedProduct[{&#10;  &quot;title&quot;: &quot;Laptop Gamer&quot;,&#10;  &quot;price&quot;: 1299.99,&#10;  &quot;description&quot;: &quot;Laptop gamer con tarjeta gráfica RTX 4060&quot;,&#10;  &quot;category&quot;: &quot;electronics&quot;,&#10;  &quot;image&quot;: &quot;https://example.com/laptop.jpg&quot;&#10;}&#10;](1)" classname="testApiFailed.FailedTest" time="0.461"/>
  <testcase name="testGetFailedProducts" classname="testApiFailed.FailedTest" time="0.387">
    <system-out><![CDATA[<html lang="en">
  <head>
    <meta charset="utf-8"/>
    <title>Error</title>
  </head>
  <body>
    <pre>Cannot GET /product</pre>
  </body>
</html>
]]></system-out>
  </testcase>
</testsuite>