<?xml version="1.0" encoding="UTF-8"?>
<!-- Generated by org.testng.reporters.JUnitReportReporter -->
<testsuite hostname="MACBdB-CRH2KF" failures="0" tests="4" name="testApiFailed.FailedTest" time="2.564" errors="0" timestamp="2025-03-17T10:33:19 COT" skipped="0">
  <testcase classname="testApiFailed.FailedTest" name="testFailedUpdateProduct" time="0.461"/>
  <testcase classname="testApiFailed.FailedTest" name="testGetFailedProducts" time="0.386"/>
  <testcase classname="testApiFailed.FailedTest" name="testCreateFailedProduct" time="0.898"/>
  <testcase classname="testApiFailed.FailedTest" name="testFailedDeleteProduct" time="0.819"/>
</testsuite> <!-- testApiFailed.FailedTest -->
