<?xml version="1.0" encoding="UTF-8"?>
<!-- Generated by org.testng.reporters.JUnitReportReporter -->
<testsuite hostname="MACBdB-CRH2KF" failures="0" tests="4" name="testApis.Apis" time="3.619" errors="0" timestamp="2025-03-17T10:33:19 COT" skipped="0">
  <testcase classname="testApis.Apis" name="testGetProducts" time="1.033"/>
  <testcase classname="testApis.Apis" name="testCreateProduct" time="1.033"/>
  <testcase classname="testApis.Apis" name="testDeleteProduct" time="1.115"/>
  <testcase classname="testApis.Apis" name="testUpdateProduct" time="0.438"/>
</testsuite> <!-- testApis.Apis -->
